time	 C45e	 C47e	 C49e	 B62e	 B64e	 B66e	 B68e
507.96	 9.645E-10	 4.094E-09	 6.150E-09	 3.857E-08	 3.150E-07	 8.574E-07	 7.779E-07
512.94	 8.568E-10	 4.461E-09	 5.890E-09	 4.175E-08	 3.277E-07	 8.630E-07	 7.563E-07
517.92	 8.986E-10	 4.529E-09	 5.781E-09	 4.492E-08	 3.408E-07	 8.678E-07	 7.353E-07
522.90	 9.418E-10	 4.592E-09	 5.675E-09	 4.828E-08	 3.537E-07	 8.714E-07	 7.153E-07
527.88	 9.853E-10	 4.654E-09	 5.570E-09	 5.171E-08	 3.667E-07	 8.748E-07	 6.956E-07
532.86	 1.030E-09	 4.711E-09	 5.468E-09	 5.534E-08	 3.795E-07	 8.772E-07	 6.768E-07
537.84	 1.074E-09	 4.767E-09	 5.367E-09	 5.903E-08	 3.922E-07	 8.793E-07	 6.582E-07
542.82	 1.120E-09	 4.820E-09	 5.268E-09	 6.285E-08	 4.049E-07	 8.808E-07	 6.402E-07
547.80	 1.165E-09	 4.872E-09	 5.171E-09	 6.675E-08	 4.175E-07	 8.820E-07	 6.225E-07
552.78	 1.211E-09	 4.922E-09	 5.075E-09	 7.078E-08	 4.299E-07	 8.827E-07	 6.053E-07
557.76	 1.258E-09	 4.970E-09	 4.981E-09	 7.491E-08	 4.423E-07	 8.830E-07	 5.886E-07
562.74	 1.304E-09	 5.015E-09	 4.889E-09	 7.915E-08	 4.546E-07	 8.828E-07	 5.723E-07
567.72	 1.352E-09	 5.058E-09	 4.798E-09	 8.350E-08	 4.667E-07	 8.821E-07	 5.565E-07
572.70	 1.399E-09	 5.100E-09	 4.709E-09	 8.796E-08	 4.787E-07	 8.811E-07	 5.410E-07
577.68	 1.447E-09	 5.139E-09	 4.622E-09	 9.253E-08	 4.906E-07	 8.797E-07	 5.260E-07
582.66	 1.496E-09	 5.177E-09	 4.536E-09	 9.720E-08	 5.023E-07	 8.779E-07	 5.114E-07
587.64	 1.544E-09	 5.212E-09	 4.452E-09	 1.020E-07	 5.140E-07	 8.757E-07	 4.972E-07
592.62	 1.593E-09	 5.246E-09	 4.369E-09	 1.069E-07	 5.254E-07	 8.731E-07	 4.834E-07
597.60	 1.643E-09	 5.278E-09	 4.288E-09	 1.119E-07	 5.367E-07	 8.703E-07	 4.699E-07
602.58	 1.692E-09	 5.308E-09	 4.208E-09	 1.170E-07	 5.479E-07	 8.671E-07	 4.568E-07
607.56	 1.742E-09	 5.337E-09	 4.130E-09	 1.222E-07	 5.588E-07	 8.637E-07	 4.441E-07
612.54	 1.792E-09	 5.363E-09	 4.053E-09	 1.275E-07	 5.697E-07	 8.599E-07	 4.318E-07
617.52	 1.843E-09	 5.388E-09	 3.978E-09	 1.329E-07	 5.803E-07	 8.558E-07	 4.198E-07
622.50	 1.893E-09	 5.412E-09	 3.904E-09	 1.384E-07	 5.908E-07	 8.516E-07	 4.081E-07
627.48	 1.944E-09	 5.433E-09	 3.831E-09	 1.440E-07	 6.011E-07	 8.471E-07	 3.967E-07
632.46	 1.995E-09	 5.454E-09	 3.760E-09	 1.497E-07	 6.112E-07	 8.423E-07	 3.857E-07
637.44	 2.046E-09	 5.472E-09	 3.690E-09	 1.555E-07	 6.211E-07	 8.372E-07	 3.750E-07
642.42	 2.098E-09	 5.489E-09	 3.622E-09	 1.613E-07	 6.309E-07	 8.320E-07	 3.646E-07
647.40	 2.149E-09	 5.505E-09	 3.554E-09	 1.673E-07	 6.404E-07	 8.266E-07	 3.545E-07
652.38	 2.201E-09	 5.519E-09	 3.488E-09	 1.733E-07	 6.498E-07	 8.210E-07	 3.446E-07
657.36	 2.253E-09	 5.532E-09	 3.423E-09	 1.795E-07	 6.590E-07	 8.152E-07	 3.351E-07
662.34	 2.305E-09	 5.544E-09	 3.360E-09	 1.857E-07	 6.680E-07	 8.093E-07	 3.258E-07
667.32	 2.357E-09	 5.554E-09	 3.297E-09	 1.920E-07	 6.768E-07	 8.032E-07	 3.168E-07
672.30	 2.409E-09	 5.564E-09	 3.236E-09	 1.984E-07	 6.854E-07	 7.970E-07	 3.080E-07
677.28	 2.461E-09	 5.571E-09	 3.176E-09	 2.049E-07	 6.938E-07	 7.906E-07	 2.994E-07
682.26	 2.513E-09	 5.578E-09	 3.117E-09	 2.115E-07	 7.020E-07	 7.842E-07	 2.911E-07
687.24	 2.566E-09	 5.584E-09	 3.059E-09	 2.181E-07	 7.100E-07	 7.776E-07	 2.831E-07
692.22	 2.618E-09	 5.588E-09	 3.003E-09	 2.248E-07	 7.179E-07	 7.709E-07	 2.752E-07
697.20	 2.670E-09	 5.591E-09	 2.947E-09	 2.316E-07	 7.255E-07	 7.641E-07	 2.676E-07
702.18	 2.723E-09	 5.593E-09	 2.892E-09	 2.384E-07	 7.329E-07	 7.572E-07	 2.602E-07
707.16	 2.775E-09	 5.594E-09	 2.839E-09	 2.453E-07	 7.402E-07	 7.502E-07	 2.531E-07
712.14	 2.828E-09	 5.595E-09	 2.786E-09	 2.523E-07	 7.472E-07	 7.432E-07	 2.461E-07
717.12	 2.880E-09	 5.594E-09	 2.734E-09	 2.593E-07	 7.540E-07	 7.361E-07	 2.393E-07
722.10	 2.933E-09	 5.592E-09	 2.684E-09	 2.665E-07	 7.607E-07	 7.290E-07	 2.326E-07
727.08	 2.985E-09	 5.589E-09	 2.634E-09	 2.736E-07	 7.671E-07	 7.219E-07	 2.262E-07
732.06	 3.038E-09	 5.586E-09	 2.585E-09	 2.809E-07	 7.733E-07	 7.147E-07	 2.199E-07
737.04	 3.090E-09	 5.581E-09	 2.537E-09	 2.882E-07	 7.793E-07	 7.074E-07	 2.139E-07
742.02	 3.143E-09	 5.576E-09	 2.490E-09	 2.955E-07	 7.852E-07	 7.001E-07	 2.080E-07
747.00	 3.195E-09	 5.570E-09	 2.444E-09	 3.029E-07	 7.909E-07	 6.928E-07	 2.022E-07
751.98	 3.247E-09	 5.563E-09	 2.398E-09	 3.103E-07	 7.964E-07	 6.854E-07	 1.966E-07
756.96	 3.299E-09	 5.555E-09	 2.354E-09	 3.179E-07	 8.017E-07	 6.781E-07	 1.912E-07
761.94	 3.351E-09	 5.547E-09	 2.310E-09	 3.254E-07	 8.068E-07	 6.707E-07	 1.859E-07
766.92	 3.403E-09	 5.538E-09	 2.267E-09	 3.330E-07	 8.117E-07	 6.633E-07	 1.808E-07
771.90	 3.455E-09	 5.528E-09	 2.225E-09	 3.406E-07	 8.164E-07	 6.560E-07	 1.758E-07
776.88	 3.507E-09	 5.517E-09	 2.184E-09	 3.483E-07	 8.209E-07	 6.487E-07	 1.709E-07
781.86	 3.559E-09	 5.506E-09	 2.144E-09	 3.561E-07	 8.252E-07	 6.413E-07	 1.662E-07
786.84	 3.610E-09	 5.494E-09	 2.104E-09	 3.638E-07	 8.294E-07	 6.339E-07	 1.616E-07
791.82	 3.662E-09	 5.482E-09	 2.065E-09	 3.716E-07	 8.335E-07	 6.266E-07	 1.571E-07
796.80	 3.713E-09	 5.469E-09	 2.027E-09	 3.795E-07	 8.373E-07	 6.192E-07	 1.528E-07
801.78	 3.764E-09	 5.455E-09	 1.989E-09	 3.874E-07	 8.410E-07	 6.119E-07	 1.486E-07
806.76	 3.816E-09	 5.441E-09	 1.952E-09	 3.953E-07	 8.444E-07	 6.046E-07	 1.445E-07
811.74	 3.867E-09	 5.426E-09	 1.916E-09	 4.032E-07	 8.478E-07	 5.974E-07	 1.405E-07
816.72	 3.917E-09	 5.411E-09	 1.880E-09	 4.112E-07	 8.509E-07	 5.901E-07	 1.366E-07
821.70	 3.968E-09	 5.395E-09	 1.845E-09	 4.192E-07	 8.539E-07	 5.830E-07	 1.328E-07
826.68	 4.019E-09	 5.379E-09	 1.811E-09	 4.272E-07	 8.567E-07	 5.758E-07	 1.291E-07
831.66	 4.069E-09	 5.362E-09	 1.777E-09	 4.353E-07	 8.594E-07	 5.686E-07	 1.255E-07
836.64	 4.119E-09	 5.345E-09	 1.745E-09	 4.433E-07	 8.619E-07	 5.615E-07	 1.220E-07
841.62	 4.169E-09	 5.327E-09	 1.712E-09	 4.514E-07	 8.642E-07	 5.544E-07	 1.187E-07
846.60	 4.219E-09	 5.309E-09	 1.680E-09	 4.596E-07	 8.664E-07	 5.474E-07	 1.154E-07
851.58	 4.269E-09	 5.291E-09	 1.649E-09	 4.677E-07	 8.685E-07	 5.404E-07	 1.122E-07
856.56	 4.318E-09	 5.272E-09	 1.619E-09	 4.759E-07	 8.704E-07	 5.334E-07	 1.091E-07
861.54	 4.368E-09	 5.252E-09	 1.589E-09	 4.840E-07	 8.721E-07	 5.265E-07	 1.061E-07
866.52	 4.417E-09	 5.233E-09	 1.559E-09	 4.922E-07	 8.737E-07	 5.197E-07	 1.031E-07
871.50	 4.466E-09	 5.213E-09	 1.530E-09	 5.004E-07	 8.752E-07	 5.129E-07	 1.002E-07
876.48	 4.515E-09	 5.192E-09	 1.502E-09	 5.087E-07	 8.765E-07	 5.061E-07	 9.747E-08
881.46	 4.563E-09	 5.172E-09	 1.474E-09	 5.169E-07	 8.777E-07	 4.994E-07	 9.477E-08
886.44	 4.612E-09	 5.150E-09	 1.447E-09	 5.251E-07	 8.788E-07	 4.927E-07	 9.215E-08
891.42	 4.660E-09	 5.129E-09	 1.420E-09	 5.334E-07	 8.797E-07	 4.861E-07	 8.960E-08
896.40	 4.708E-09	 5.107E-09	 1.393E-09	 5.416E-07	 8.805E-07	 4.795E-07	 8.712E-08
901.38	 4.756E-09	 5.085E-09	 1.368E-09	 5.499E-07	 8.811E-07	 4.730E-07	 8.471E-08
906.36	 4.803E-09	 5.063E-09	 1.342E-09	 5.582E-07	 8.817E-07	 4.666E-07	 8.236E-08
911.34	 4.851E-09	 5.041E-09	 1.317E-09	 5.664E-07	 8.821E-07	 4.602E-07	 8.008E-08
916.32	 4.898E-09	 5.018E-09	 1.293E-09	 5.747E-07	 8.824E-07	 4.539E-07	 7.785E-08
921.30	 4.945E-09	 4.995E-09	 1.269E-09	 5.830E-07	 8.825E-07	 4.476E-07	 7.569E-08
926.28	 4.991E-09	 4.972E-09	 1.245E-09	 5.913E-07	 8.826E-07	 4.413E-07	 7.360E-08
931.26	 5.038E-09	 4.949E-09	 1.222E-09	 5.996E-07	 8.825E-07	 4.352E-07	 7.156E-08
936.24	 5.084E-09	 4.925E-09	 1.199E-09	 6.078E-07	 8.823E-07	 4.290E-07	 6.959E-08
941.22	 5.130E-09	 4.901E-09	 1.177E-09	 6.161E-07	 8.820E-07	 4.230E-07	 6.766E-08
946.20	 5.176E-09	 4.877E-09	 1.155E-09	 6.244E-07	 8.816E-07	 4.170E-07	 6.579E-08
951.18	 5.222E-09	 4.853E-09	 1.134E-09	 6.327E-07	 8.811E-07	 4.110E-07	 6.397E-08
956.16	 5.267E-09	 4.829E-09	 1.113E-09	 6.409E-07	 8.805E-07	 4.052E-07	 6.219E-08
961.14	 5.312E-09	 4.804E-09	 1.092E-09	 6.492E-07	 8.798E-07	 3.994E-07	 6.047E-08
966.12	 5.357E-09	 4.779E-09	 1.072E-09	 6.574E-07	 8.790E-07	 3.936E-07	 5.878E-08
971.10	 5.402E-09	 4.755E-09	 1.052E-09	 6.657E-07	 8.780E-07	 3.879E-07	 5.715E-08
976.08	 5.446E-09	 4.730E-09	 1.032E-09	 6.739E-07	 8.770E-07	 3.823E-07	 5.556E-08
