time	 C45ext	 C47ext	 C49ext	 H61ext	 H63ext	 H65ext	 H67ext	 C45in	 C47in	 C49in	 H61in	 H63in	 H65in	 H67in
540.85	 2.334E-10	 3.038E-09	 8.211E-09	 6.196E-09	 1.049E-07	 5.925E-07	 1.115E-06	 2.334E-10	 3.038E-09	 8.211E-09	 6.196E-09	 1.049E-07	 5.925E-07	 1.115E-06
546.68	 1.929E-09	 4.215E-09	 5.338E-09	 6.672E-09	 1.064E-07	 5.938E-07	 1.112E-06	 3.485E-09	 4.801E-09	 3.196E-09	 5.358E-07	 7.582E-07	 5.161E-07	 8.521E-09
552.44	 3.094E-09	 4.186E-09	 4.202E-09	 7.829E-09	 1.080E-07	 5.942E-07	 1.109E-06	 4.546E-09	 4.417E-09	 2.519E-09	 7.083E-07	 6.980E-07	 4.038E-07	 8.495E-09
558.22	 3.728E-09	 3.956E-09	 3.798E-09	 9.385E-09	 1.095E-07	 5.942E-07	 1.105E-06	 5.091E-09	 4.113E-09	 2.278E-09	 7.970E-07	 6.493E-07	 3.638E-07	 8.471E-09
563.99	 4.055E-09	 3.780E-09	 3.646E-09	 1.114E-08	 1.110E-07	 5.942E-07	 1.102E-06	 5.362E-09	 3.932E-09	 2.188E-09	 8.412E-07	 6.200E-07	 3.489E-07	 8.446E-09
569.76	 4.221E-09	 3.673E-09	 3.588E-09	 1.301E-08	 1.123E-07	 5.941E-07	 1.099E-06	 5.496E-09	 3.833E-09	 2.153E-09	 8.631E-07	 6.039E-07	 3.431E-07	 8.422E-09
575.53	 4.307E-09	 3.615E-09	 3.561E-09	 1.492E-08	 1.137E-07	 5.940E-07	 1.096E-06	 5.565E-09	 3.780E-09	 2.137E-09	 8.743E-07	 5.953E-07	 3.405E-07	 8.398E-09
581.31	 4.354E-09	 3.584E-09	 3.544E-09	 1.685E-08	 1.150E-07	 5.939E-07	 1.093E-06	 5.603E-09	 3.752E-09	 2.127E-09	 8.805E-07	 5.907E-07	 3.389E-07	 8.374E-09
587.14	 4.382E-09	 3.567E-09	 3.532E-09	 1.882E-08	 1.163E-07	 5.938E-07	 1.090E-06	 5.627E-09	 3.736E-09	 2.120E-09	 8.843E-07	 5.881E-07	 3.378E-07	 8.350E-09
592.91	 4.400E-09	 3.559E-09	 3.523E-09	 2.077E-08	 1.176E-07	 5.937E-07	 1.086E-06	 5.641E-09	 3.726E-09	 2.114E-09	 8.867E-07	 5.866E-07	 3.369E-07	 8.326E-09
598.68	 4.414E-09	 3.554E-09	 3.514E-09	 2.272E-08	 1.188E-07	 5.936E-07	 1.083E-06	 5.653E-09	 3.720E-09	 2.109E-09	 8.886E-07	 5.856E-07	 3.361E-07	 8.302E-09
604.45	 4.427E-09	 3.550E-09	 3.505E-09	 2.467E-08	 1.201E-07	 5.934E-07	 1.080E-06	 5.664E-09	 3.714E-09	 2.104E-09	 8.903E-07	 5.847E-07	 3.352E-07	 8.278E-09
610.22	 4.439E-09	 3.547E-09	 3.497E-09	 2.662E-08	 1.214E-07	 5.933E-07	 1.077E-06	 5.674E-09	 3.709E-09	 2.098E-09	 8.919E-07	 5.839E-07	 3.344E-07	 8.255E-09
616.05	 4.450E-09	 3.544E-09	 3.488E-09	 2.859E-08	 1.227E-07	 5.932E-07	 1.074E-06	 5.684E-09	 3.705E-09	 2.093E-09	 8.935E-07	 5.832E-07	 3.336E-07	 8.231E-09
621.81	 4.461E-09	 3.542E-09	 3.479E-09	 3.054E-08	 1.239E-07	 5.930E-07	 1.071E-06	 5.694E-09	 3.700E-09	 2.088E-09	 8.950E-07	 5.826E-07	 3.327E-07	 8.207E-09
627.64	 4.472E-09	 3.539E-09	 3.471E-09	 3.251E-08	 1.252E-07	 5.929E-07	 1.068E-06	 5.703E-09	 3.696E-09	 2.083E-09	 8.965E-07	 5.819E-07	 3.319E-07	 8.184E-09
633.47	 4.483E-09	 3.537E-09	 3.462E-09	 3.448E-08	 1.264E-07	 5.928E-07	 1.065E-06	 5.713E-09	 3.692E-09	 2.078E-09	 8.980E-07	 5.812E-07	 3.311E-07	 8.160E-09
639.24	 4.494E-09	 3.535E-09	 3.454E-09	 3.643E-08	 1.277E-07	 5.926E-07	 1.062E-06	 5.722E-09	 3.688E-09	 2.073E-09	 8.995E-07	 5.806E-07	 3.303E-07	 8.137E-09
645.01	 4.504E-09	 3.533E-09	 3.445E-09	 3.837E-08	 1.289E-07	 5.925E-07	 1.059E-06	 5.731E-09	 3.683E-09	 2.067E-09	 9.010E-07	 5.799E-07	 3.295E-07	 8.114E-09
650.78	 4.514E-09	 3.531E-09	 3.437E-09	 4.032E-08	 1.301E-07	 5.923E-07	 1.056E-06	 5.740E-09	 3.680E-09	 2.062E-09	 9.024E-07	 5.793E-07	 3.287E-07	 8.090E-09
656.54	 4.525E-09	 3.529E-09	 3.428E-09	 4.227E-08	 1.314E-07	 5.922E-07	 1.053E-06	 5.749E-09	 3.676E-09	 2.057E-09	 9.038E-07	 5.787E-07	 3.279E-07	 8.067E-09
662.31	 4.535E-09	 3.527E-09	 3.420E-09	 4.421E-08	 1.326E-07	 5.920E-07	 1.050E-06	 5.758E-09	 3.672E-09	 2.052E-09	 9.052E-07	 5.781E-07	 3.271E-07	 8.044E-09
668.08	 4.545E-09	 3.525E-09	 3.412E-09	 4.615E-08	 1.338E-07	 5.918E-07	 1.047E-06	 5.767E-09	 3.668E-09	 2.047E-09	 9.067E-07	 5.775E-07	 3.264E-07	 8.021E-09
673.85	 4.556E-09	 3.523E-09	 3.403E-09	 4.809E-08	 1.350E-07	 5.917E-07	 1.044E-06	 5.776E-09	 3.664E-09	 2.042E-09	 9.081E-07	 5.769E-07	 3.256E-07	 7.998E-09
679.63	 4.566E-09	 3.521E-09	 3.395E-09	 5.004E-08	 1.362E-07	 5.915E-07	 1.041E-06	 5.785E-09	 3.660E-09	 2.037E-09	 9.095E-07	 5.762E-07	 3.248E-07	 7.975E-09
685.40	 4.576E-09	 3.519E-09	 3.387E-09	 5.198E-08	 1.374E-07	 5.913E-07	 1.038E-06	 5.794E-09	 3.656E-09	 2.032E-09	 9.110E-07	 5.756E-07	 3.240E-07	 7.952E-09
691.23	 4.587E-09	 3.517E-09	 3.378E-09	 5.394E-08	 1.387E-07	 5.912E-07	 1.035E-06	 5.803E-09	 3.652E-09	 2.027E-09	 9.124E-07	 5.750E-07	 3.232E-07	 7.929E-09
697.00	 4.597E-09	 3.515E-09	 3.370E-09	 5.588E-08	 1.399E-07	 5.910E-07	 1.032E-06	 5.812E-09	 3.648E-09	 2.022E-09	 9.138E-07	 5.744E-07	 3.224E-07	 7.907E-09
702.77	 4.608E-09	 3.513E-09	 3.362E-09	 5.782E-08	 1.411E-07	 5.908E-07	 1.029E-06	 5.821E-09	 3.643E-09	 2.017E-09	 9.153E-07	 5.737E-07	 3.216E-07	 7.884E-09
708.55	 4.618E-09	 3.511E-09	 3.353E-09	 5.976E-08	 1.422E-07	 5.906E-07	 1.026E-06	 5.830E-09	 3.639E-09	 2.012E-09	 9.167E-07	 5.731E-07	 3.209E-07	 7.862E-09
714.32	 4.628E-09	 3.509E-09	 3.345E-09	 6.170E-08	 1.434E-07	 5.904E-07	 1.023E-06	 5.839E-09	 3.635E-09	 2.008E-09	 9.181E-07	 5.725E-07	 3.201E-07	 7.839E-09
720.10	 4.639E-09	 3.506E-09	 3.337E-09	 6.363E-08	 1.446E-07	 5.902E-07	 1.020E-06	 5.848E-09	 3.631E-09	 2.003E-09	 9.195E-07	 5.719E-07	 3.193E-07	 7.817E-09
725.87	 4.649E-09	 3.504E-09	 3.329E-09	 6.557E-08	 1.458E-07	 5.900E-07	 1.017E-06	 5.857E-09	 3.627E-09	 1.998E-09	 9.210E-07	 5.712E-07	 3.185E-07	 7.794E-09
731.65	 4.659E-09	 3.502E-09	 3.321E-09	 6.751E-08	 1.470E-07	 5.899E-07	 1.014E-06	 5.866E-09	 3.623E-09	 1.993E-09	 9.224E-07	 5.706E-07	 3.178E-07	 7.772E-09
737.42	 4.669E-09	 3.500E-09	 3.313E-09	 6.944E-08	 1.481E-07	 5.897E-07	 1.011E-06	 5.875E-09	 3.619E-09	 1.988E-09	 9.238E-07	 5.700E-07	 3.170E-07	 7.750E-09
743.26	 4.680E-09	 3.498E-09	 3.304E-09	 7.140E-08	 1.493E-07	 5.894E-07	 1.008E-06	 5.884E-09	 3.615E-09	 1.983E-09	 9.252E-07	 5.693E-07	 3.162E-07	 7.727E-09
749.03	 4.690E-09	 3.496E-09	 3.296E-09	 7.333E-08	 1.505E-07	 5.892E-07	 1.005E-06	 5.893E-09	 3.611E-09	 1.978E-09	 9.267E-07	 5.687E-07	 3.154E-07	 7.705E-09
754.93	 4.701E-09	 3.493E-09	 3.288E-09	 7.530E-08	 1.516E-07	 5.890E-07	 1.003E-06	 5.902E-09	 3.607E-09	 1.973E-09	 9.281E-07	 5.681E-07	 3.147E-07	 7.683E-09
760.69	 4.711E-09	 3.491E-09	 3.280E-09	 7.723E-08	 1.528E-07	 5.888E-07	 9.997E-07	 5.911E-09	 3.603E-09	 1.968E-09	 9.295E-07	 5.674E-07	 3.139E-07	 7.661E-09
766.52	 4.721E-09	 3.489E-09	 3.272E-09	 7.918E-08	 1.539E-07	 5.886E-07	 9.968E-07	 5.920E-09	 3.599E-09	 1.963E-09	 9.309E-07	 5.668E-07	 3.131E-07	 7.639E-09
772.29	 4.731E-09	 3.487E-09	 3.264E-09	 8.111E-08	 1.551E-07	 5.884E-07	 9.939E-07	 5.929E-09	 3.595E-09	 1.959E-09	 9.323E-07	 5.662E-07	 3.124E-07	 7.617E-09
778.12	 4.742E-09	 3.485E-09	 3.256E-09	 8.305E-08	 1.562E-07	 5.882E-07	 9.911E-07	 5.938E-09	 3.591E-09	 1.954E-09	 9.338E-07	 5.655E-07	 3.116E-07	 7.595E-09
783.89	 4.752E-09	 3.482E-09	 3.248E-09	 8.498E-08	 1.574E-07	 5.879E-07	 9.882E-07	 5.947E-09	 3.587E-09	 1.949E-09	 9.352E-07	 5.649E-07	 3.109E-07	 7.573E-09
789.72	 4.762E-09	 3.480E-09	 3.240E-09	 8.692E-08	 1.585E-07	 5.877E-07	 9.854E-07	 5.955E-09	 3.582E-09	 1.944E-09	 9.366E-07	 5.643E-07	 3.101E-07	 7.551E-09
795.48	 4.772E-09	 3.478E-09	 3.232E-09	 8.885E-08	 1.596E-07	 5.875E-07	 9.826E-07	 5.964E-09	 3.578E-09	 1.939E-09	 9.380E-07	 5.637E-07	 3.094E-07	 7.530E-09
801.32	 4.783E-09	 3.476E-09	 3.224E-09	 9.079E-08	 1.608E-07	 5.872E-07	 9.797E-07	 5.973E-09	 3.574E-09	 1.935E-09	 9.394E-07	 5.630E-07	 3.086E-07	 7.508E-09
807.09	 4.793E-09	 3.474E-09	 3.216E-09	 9.271E-08	 1.619E-07	 5.870E-07	 9.769E-07	 5.982E-09	 3.570E-09	 1.930E-09	 9.408E-07	 5.624E-07	 3.078E-07	 7.486E-09
812.87	 4.803E-09	 3.471E-09	 3.208E-09	 9.464E-08	 1.630E-07	 5.868E-07	 9.741E-07	 5.991E-09	 3.566E-09	 1.925E-09	 9.422E-07	 5.618E-07	 3.071E-07	 7.465E-09
818.70	 4.813E-09	 3.469E-09	 3.200E-09	 9.658E-08	 1.641E-07	 5.865E-07	 9.713E-07	 6.000E-09	 3.562E-09	 1.920E-09	 9.436E-07	 5.611E-07	 3.064E-07	 7.443E-09
824.47	 4.823E-09	 3.467E-09	 3.192E-09	 9.850E-08	 1.652E-07	 5.863E-07	 9.685E-07	 6.008E-09	 3.558E-09	 1.916E-09	 9.450E-07	 5.605E-07	 3.056E-07	 7.422E-09
830.23	 4.833E-09	 3.465E-09	 3.184E-09	 1.004E-07	 1.663E-07	 5.860E-07	 9.658E-07	 6.017E-09	 3.554E-09	 1.911E-09	 9.464E-07	 5.599E-07	 3.049E-07	 7.401E-09
836.06	 4.843E-09	 3.462E-09	 3.176E-09	 1.024E-07	 1.674E-07	 5.858E-07	 9.630E-07	 6.026E-09	 3.550E-09	 1.906E-09	 9.478E-07	 5.593E-07	 3.041E-07	 7.380E-09
841.92	 4.853E-09	 3.460E-09	 3.169E-09	 1.043E-07	 1.685E-07	 5.855E-07	 9.602E-07	 6.035E-09	 3.546E-09	 1.902E-09	 9.492E-07	 5.586E-07	 3.034E-07	 7.358E-09
847.69	 4.863E-09	 3.458E-09	 3.161E-09	 1.062E-07	 1.696E-07	 5.853E-07	 9.574E-07	 6.043E-09	 3.542E-09	 1.897E-09	 9.505E-07	 5.580E-07	 3.026E-07	 7.337E-09
853.52	 4.874E-09	 3.455E-09	 3.153E-09	 1.081E-07	 1.707E-07	 5.850E-07	 9.547E-07	 6.052E-09	 3.538E-09	 1.892E-09	 9.519E-07	 5.574E-07	 3.019E-07	 7.316E-09
859.29	 4.884E-09	 3.453E-09	 3.145E-09	 1.101E-07	 1.718E-07	 5.847E-07	 9.519E-07	 6.061E-09	 3.534E-09	 1.888E-09	 9.533E-07	 5.567E-07	 3.012E-07	 7.295E-09
865.05	 4.894E-09	 3.451E-09	 3.138E-09	 1.120E-07	 1.728E-07	 5.845E-07	 9.492E-07	 6.069E-09	 3.530E-09	 1.883E-09	 9.547E-07	 5.561E-07	 3.004E-07	 7.274E-09
870.82	 4.904E-09	 3.449E-09	 3.130E-09	 1.139E-07	 1.739E-07	 5.842E-07	 9.465E-07	 6.078E-09	 3.526E-09	 1.878E-09	 9.560E-07	 5.555E-07	 2.997E-07	 7.253E-09
876.65	 4.914E-09	 3.446E-09	 3.122E-09	 1.158E-07	 1.750E-07	 5.839E-07	 9.438E-07	 6.087E-09	 3.522E-09	 1.874E-09	 9.574E-07	 5.549E-07	 2.990E-07	 7.232E-09
882.48	 4.924E-09	 3.444E-09	 3.114E-09	 1.177E-07	 1.761E-07	 5.837E-07	 9.411E-07	 6.095E-09	 3.518E-09	 1.869E-09	 9.588E-07	 5.542E-07	 2.983E-07	 7.211E-09
888.25	 4.934E-09	 3.442E-09	 3.107E-09	 1.196E-07	 1.771E-07	 5.834E-07	 9.384E-07	 6.104E-09	 3.514E-09	 1.864E-09	 9.602E-07	 5.536E-07	 2.975E-07	 7.191E-09
894.03	 4.943E-09	 3.439E-09	 3.099E-09	 1.216E-07	 1.782E-07	 5.831E-07	 9.357E-07	 6.113E-09	 3.510E-09	 1.860E-09	 9.615E-07	 5.530E-07	 2.968E-07	 7.170E-09
899.80	 4.953E-09	 3.437E-09	 3.092E-09	 1.235E-07	 1.792E-07	 5.828E-07	 9.330E-07	 6.121E-09	 3.506E-09	 1.855E-09	 9.629E-07	 5.524E-07	 2.961E-07	 7.150E-09
905.57	 4.963E-09	 3.435E-09	 3.084E-09	 1.254E-07	 1.803E-07	 5.826E-07	 9.303E-07	 6.130E-09	 3.502E-09	 1.851E-09	 9.643E-07	 5.517E-07	 2.954E-07	 7.129E-09
911.41	 4.973E-09	 3.432E-09	 3.076E-09	 1.273E-07	 1.813E-07	 5.823E-07	 9.276E-07	 6.138E-09	 3.498E-09	 1.846E-09	 9.656E-07	 5.511E-07	 2.947E-07	 7.109E-09
917.18	 4.983E-09	 3.430E-09	 3.069E-09	 1.292E-07	 1.824E-07	 5.820E-07	 9.250E-07	 6.147E-09	 3.494E-09	 1.842E-09	 9.670E-07	 5.505E-07	 2.939E-07	 7.088E-09
922.95	 4.993E-09	 3.428E-09	 3.061E-09	 1.311E-07	 1.834E-07	 5.817E-07	 9.223E-07	 6.155E-09	 3.490E-09	 1.837E-09	 9.683E-07	 5.499E-07	 2.932E-07	 7.068E-09
928.78	 5.003E-09	 3.425E-09	 3.054E-09	 1.330E-07	 1.844E-07	 5.814E-07	 9.197E-07	 6.164E-09	 3.486E-09	 1.833E-09	 9.697E-07	 5.492E-07	 2.925E-07	 7.048E-09
934.54	 5.013E-09	 3.423E-09	 3.046E-09	 1.349E-07	 1.854E-07	 5.811E-07	 9.170E-07	 6.172E-09	 3.482E-09	 1.828E-09	 9.711E-07	 5.486E-07	 2.918E-07	 7.027E-09
940.31	 5.023E-09	 3.421E-09	 3.039E-09	 1.368E-07	 1.865E-07	 5.808E-07	 9.144E-07	 6.181E-09	 3.478E-09	 1.824E-09	 9.724E-07	 5.480E-07	 2.911E-07	 7.007E-09
946.14	 5.032E-09	 3.418E-09	 3.031E-09	 1.387E-07	 1.875E-07	 5.805E-07	 9.118E-07	 6.189E-09	 3.473E-09	 1.819E-09	 9.738E-07	 5.474E-07	 2.904E-07	 6.987E-09
951.91	 5.042E-09	 3.416E-09	 3.024E-09	 1.406E-07	 1.885E-07	 5.802E-07	 9.092E-07	 6.198E-09	 3.469E-09	 1.815E-09	 9.751E-07	 5.468E-07	 2.897E-07	 6.967E-09
957.69	 5.052E-09	 3.414E-09	 3.016E-09	 1.425E-07	 1.895E-07	 5.799E-07	 9.066E-07	 6.206E-09	 3.465E-09	 1.810E-09	 9.765E-07	 5.461E-07	 2.890E-07	 6.947E-09
963.46	 5.062E-09	 3.411E-09	 3.009E-09	 1.444E-07	 1.905E-07	 5.796E-07	 9.040E-07	 6.215E-09	 3.461E-09	 1.806E-09	 9.778E-07	 5.455E-07	 2.883E-07	 6.927E-09
969.28	 5.072E-09	 3.409E-09	 3.002E-09	 1.464E-07	 1.915E-07	 5.793E-07	 9.014E-07	 6.223E-09	 3.457E-09	 1.801E-09	 9.791E-07	 5.449E-07	 2.876E-07	 6.907E-09
975.05	 5.081E-09	 3.406E-09	 2.994E-09	 1.482E-07	 1.925E-07	 5.790E-07	 8.988E-07	 6.232E-09	 3.453E-09	 1.797E-09	 9.805E-07	 5.443E-07	 2.869E-07	 6.888E-09
980.82	 5.091E-09	 3.404E-09	 2.987E-09	 1.501E-07	 1.935E-07	 5.786E-07	 8.962E-07	 6.240E-09	 3.449E-09	 1.792E-09	 9.818E-07	 5.437E-07	 2.862E-07	 6.868E-09
